(DEBUG=ON) 2024-06-20T12:29:49.518Z info: [92mrunning generatePermissions()[39m
(DEBUG=ON) 2024-06-20T12:29:49.531Z info: Database connected
(DEBUG=ON) 2024-06-20T12:29:49.642Z info: [92mrunning generateSuperuser()[39m
(DEBUG=ON) 2024-06-20T12:31:31.999Z info: [92mrunning generatePermissions()[39m
(DEBUG=ON) 2024-06-20T12:31:32.019Z info: Database connected
(DEBUG=ON) 2024-06-20T12:31:32.080Z info: [92mrunning generateSuperuser()[39m
(DEBUG=ON) 2024-06-20T12:35:50.358Z info: server running on port 3000
(DEBUG=ON) 2024-06-20T12:35:50.373Z info: Database connected
(DEBUG=ON) 2024-06-20T13:01:24.729Z info: server running on port 3000
(DEBUG=ON) 2024-06-20T13:01:24.736Z info: Database connected
(DEBUG=ON) 2024-06-20T13:12:28.868Z error: MongoServerError: E11000 duplicate key error collection: project-f.roles index: name_1 dup key: { name: "Staff" }
(DEBUG=ON) 2024-06-20T13:13:07.881Z error: MongoServerError: E11000 duplicate key error collection: project-f.roles index: name_1 dup key: { name: "Staff" }
(DEBUG=ON) 2024-06-20T13:29:27.022Z error: MongoServerError: E11000 duplicate key error collection: project-f.roles index: name_1 dup key: { name: "Staff" }
(DEBUG=ON) 2024-06-20T13:34:00.323Z error: MongoServerError: E11000 duplicate key error collection: project-f.roles index: name_1 dup key: { name: "Staff" }
(DEBUG=ON) 2024-06-20T13:34:03.739Z error: MongoServerError: E11000 duplicate key error collection: project-f.roles index: name_1 dup key: { name: "Staff" }
(DEBUG=ON) 2024-06-20T13:34:09.074Z error: MongoServerError: E11000 duplicate key error collection: project-f.roles index: name_1 dup key: { name: "Staff" }
(DEBUG=ON) 2024-06-20T13:36:27.623Z error: Error: Data not found
(DEBUG=ON) 2024-06-20T14:37:16.416Z error: Error: Data not found
(DEBUG=ON) 2024-06-21T12:12:26.084Z info: server running on port 3000
(DEBUG=ON) 2024-06-21T12:12:26.098Z info: Database connected
(DEBUG=ON) 2024-06-21T12:13:40.649Z info: [92mrunning generatePermissions()[39m
(DEBUG=ON) 2024-06-21T12:13:40.657Z info: Database connected
(DEBUG=ON) 2024-06-21T12:13:40.698Z info: [92mrunning generateSuperuser()[39m
(DEBUG=ON) 2024-06-21T12:35:16.384Z info: server running on port 3000
(DEBUG=ON) 2024-06-21T12:35:16.396Z info: Database connected
(DEBUG=ON) 2024-06-21T12:35:42.816Z info: server running on port 3000
(DEBUG=ON) 2024-06-21T12:35:42.823Z info: Database connected
(DEBUG=ON) 2024-06-21T12:35:52.698Z info: server running on port 3000
(DEBUG=ON) 2024-06-21T12:35:52.704Z info: Database connected
(DEBUG=ON) 2024-06-21T12:36:01.284Z info: server running on port 3000
(DEBUG=ON) 2024-06-21T12:36:01.291Z info: Database connected
(DEBUG=ON) 2024-06-21T12:36:09.854Z info: server running on port 3000
(DEBUG=ON) 2024-06-21T12:36:09.869Z info: Database connected
(DEBUG=ON) 2024-06-21T12:36:17.566Z info: server running on port 3000
(DEBUG=ON) 2024-06-21T12:36:17.579Z info: Database connected
(DEBUG=ON) 2024-06-21T12:36:36.505Z info: server running on port 3000
(DEBUG=ON) 2024-06-21T12:36:36.512Z info: Database connected
(DEBUG=ON) 2024-06-21T12:42:00.330Z error: Error: Data not found
(DEBUG=ON) 2024-06-21T12:42:13.921Z error: Error: Data not found
(DEBUG=ON) 2024-06-21T12:42:15.687Z error: ReferenceError: Error404 is not defined
(DEBUG=ON) 2024-06-21T12:42:16.904Z error: ReferenceError: Error404 is not defined
(DEBUG=ON) 2024-06-21T12:43:32.288Z error: Error: Data not found
(DEBUG=ON) 2024-06-21T12:43:51.973Z error: Error: Data not found
(DEBUG=ON) 2024-06-21T12:43:58.943Z error: Error: Data not found
(DEBUG=ON) 2024-06-21T12:44:07.938Z error: Error: Data not found
(DEBUG=ON) 2024-06-21T12:44:09.170Z error: Error: Data not found
(DEBUG=ON) 2024-06-21T12:44:09.668Z error: Error: Data not found
(DEBUG=ON) 2024-06-21T12:44:09.903Z error: Error: Data not found
(DEBUG=ON) 2024-06-21T12:44:10.171Z error: Error: Data not found
(DEBUG=ON) 2024-06-21T12:44:10.418Z error: Error: Data not found
(DEBUG=ON) 2024-06-21T12:44:18.906Z error: Error: Data not found
(DEBUG=ON) 2024-06-21T12:44:19.945Z error: Error: Data not found
(DEBUG=ON) 2024-06-21T12:44:20.553Z error: Error: Data not found
(DEBUG=ON) 2024-06-21T12:44:20.986Z error: Error: Data not found
(DEBUG=ON) 2024-06-21T12:44:21.319Z error: Error: Data not found
(DEBUG=ON) 2024-06-21T12:44:21.588Z error: Error: Data not found
(DEBUG=ON) 2024-06-21T12:44:21.837Z error: Error: Data not found
(DEBUG=ON) 2024-06-21T12:44:22.153Z error: Error: Data not found
(DEBUG=ON) 2024-06-21T12:44:22.451Z error: Error: Data not found
(DEBUG=ON) 2024-06-21T12:45:38.718Z error: Error: Data not found
(DEBUG=ON) 2024-06-21T12:45:47.332Z error: Error: Data not found
(DEBUG=ON) 2024-06-21T12:46:00.384Z error: Error: Data not found
(DEBUG=ON) 2024-06-21T13:20:33.998Z error: Error: Data not found
(DEBUG=ON) 2024-06-21T13:20:47.662Z error: Error: Data not found
(DEBUG=ON) 2024-06-21T13:20:51.113Z error: Error: Data not found
(DEBUG=ON) 2024-06-21T13:21:07.794Z error: Error: Data not found
(DEBUG=ON) 2024-06-21T13:21:09.143Z error: Error: Data not found
(DEBUG=ON) 2024-06-21T13:23:26.177Z error: Error: Data not found
(DEBUG=ON) 2024-06-21T13:46:19.738Z error: Error: Data not found
(DEBUG=ON) 2024-06-21T13:46:34.227Z error: Error: Data not found
(DEBUG=ON) 2024-06-21T13:47:08.833Z error: Error: Data not found
(DEBUG=ON) 2024-06-21T13:49:18.708Z info: server running on port 3000
(DEBUG=ON) 2024-06-21T13:49:18.729Z info: Database connected
(DEBUG=ON) 2024-06-21T13:49:25.225Z error: Error: Data not found
(DEBUG=ON) 2024-06-21T13:49:49.474Z info: server running on port 3000
(DEBUG=ON) 2024-06-21T13:49:49.480Z info: Database connected
(DEBUG=ON) 2024-06-21T13:50:10.897Z info: server running on port 3000
(DEBUG=ON) 2024-06-21T13:50:10.904Z info: Database connected
(DEBUG=ON) 2024-06-21T13:50:21.146Z info: server running on port 3000
(DEBUG=ON) 2024-06-21T13:50:21.154Z info: Database connected
(DEBUG=ON) 2024-06-21T13:50:38.110Z info: server running on port 3000
(DEBUG=ON) 2024-06-21T13:50:38.128Z info: Database connected
(DEBUG=ON) 2024-06-21T13:50:50.068Z info: server running on port 3000
(DEBUG=ON) 2024-06-21T13:50:50.076Z info: Database connected
(DEBUG=ON) 2024-06-22T06:29:24.189Z info: server running on port 3000
(DEBUG=ON) 2024-06-22T06:29:24.205Z info: Database connected
(DEBUG=ON) 2024-06-22T06:31:03.126Z info: server running on port 3000
(DEBUG=ON) 2024-06-22T06:31:03.139Z info: Database connected
(DEBUG=ON) 2024-06-22T07:09:33.413Z info: server running on port 3000
(DEBUG=ON) 2024-06-22T07:09:33.426Z info: Database connected
(DEBUG=ON) 2024-06-22T07:10:04.503Z info: server running on port 3000
(DEBUG=ON) 2024-06-22T07:10:04.514Z info: Database connected
(DEBUG=ON) 2024-06-22T07:10:10.421Z info: server running on port 3000
(DEBUG=ON) 2024-06-22T07:10:10.428Z info: Database connected
(DEBUG=ON) 2024-06-22T07:10:31.573Z info: server running on port 3000
(DEBUG=ON) 2024-06-22T07:10:31.582Z info: Database connected
(DEBUG=ON) 2024-06-22T07:10:33.894Z info: server running on port 3000
(DEBUG=ON) 2024-06-22T07:10:33.900Z info: Database connected
(DEBUG=ON) 2024-06-22T07:40:12.066Z info: server running on port 3000
(DEBUG=ON) 2024-06-22T07:40:12.089Z info: Database connected
(DEBUG=ON) 2024-06-22T08:10:06.747Z info: server running on port 3000
(DEBUG=ON) 2024-06-22T08:10:06.769Z info: Database connected
(DEBUG=ON) 2024-06-22T08:14:30.919Z info: server running on port 3000
(DEBUG=ON) 2024-06-22T08:14:30.935Z info: Database connected
(DEBUG=ON) 2024-06-22T08:58:54.122Z info: server running on port 3000
(DEBUG=ON) 2024-06-22T08:58:54.137Z info: Database connected
(DEBUG=ON) 2024-06-22T09:12:09.830Z info: server running on port 3000
(DEBUG=ON) 2024-06-22T09:12:09.845Z info: Database connected
(DEBUG=ON) 2024-06-22T09:15:17.701Z info: server running on port 3000
(DEBUG=ON) 2024-06-22T09:15:17.708Z info: Database connected
(DEBUG=ON) 2024-06-22T09:18:05.362Z info: server running on port 3000
(DEBUG=ON) 2024-06-22T09:18:05.369Z info: Database connected
(DEBUG=ON) 2024-06-22T09:18:22.177Z info: server running on port 3000
(DEBUG=ON) 2024-06-22T09:18:22.184Z info: Database connected
(DEBUG=ON) 2024-06-22T09:18:57.720Z info: server running on port 3000
(DEBUG=ON) 2024-06-22T09:18:57.728Z info: Database connected
(DEBUG=ON) 2024-06-22T09:19:07.206Z info: server running on port 3000
(DEBUG=ON) 2024-06-22T09:19:07.221Z info: Database connected
(DEBUG=ON) 2024-06-22T09:59:08.279Z info: server running on port 3000
(DEBUG=ON) 2024-06-22T09:59:08.289Z info: Database connected
(DEBUG=ON) 2024-06-22T09:59:59.617Z info: server running on port 3000
(DEBUG=ON) 2024-06-22T09:59:59.623Z info: Database connected
(DEBUG=ON) 2024-06-22T10:00:15.149Z info: server running on port 3000
(DEBUG=ON) 2024-06-22T10:00:15.154Z info: Database connected
(DEBUG=ON) 2024-06-22T10:00:37.730Z info: server running on port 3000
(DEBUG=ON) 2024-06-22T10:00:37.743Z info: Database connected
(DEBUG=ON) 2024-06-22T11:27:17.805Z info: server running on port 3000
(DEBUG=ON) 2024-06-22T11:27:17.831Z info: Database connected
(DEBUG=ON) 2024-06-24T12:07:51.929Z info: server running on port 3000
(DEBUG=ON) 2024-06-24T12:07:51.955Z info: Database connected
(DEBUG=ON) 2024-06-24T12:08:02.021Z error: TokenExpiredError: jwt expired
(DEBUG=ON) 2024-06-24T12:18:49.591Z info: server running on port 3000
(DEBUG=ON) 2024-06-24T12:18:49.605Z info: Database connected
(DEBUG=ON) 2024-06-24T12:25:49.878Z info: server running on port 3000
(DEBUG=ON) 2024-06-24T12:25:49.889Z info: Database connected
(DEBUG=ON) 2024-06-24T12:42:07.770Z info: server running on port 3000
(DEBUG=ON) 2024-06-24T12:42:07.784Z info: Database connected
(DEBUG=ON) 2024-06-24T13:02:12.018Z info: server running on port 3000
(DEBUG=ON) 2024-06-24T13:02:12.035Z info: Database connected
(DEBUG=ON) 2024-06-24T13:10:12.525Z info: server running on port 3000
(DEBUG=ON) 2024-06-24T13:10:12.531Z info: Database connected
(DEBUG=ON) 2024-06-24T13:48:39.206Z error: Permission denied, you are not allowed to access this resource.
(DEBUG=ON) 2024-06-24T13:48:39.207Z error: Error403: 
